<?xml version="1.0" encoding="UTF-8"?>
<!-- Generated by org.testng.reporters.JUnitReportReporter -->
<testsuite hostname="X200s" name="com.tests.acceptance.SimpleTest2" tests="1" failures="0" timestamp="30 Mar 2015 08:05:06 GMT" time="8.766" errors="0">
  <testcase name="wikipediaCheck" time="8.766" classname="com.tests.acceptance.SimpleTest2"/>
</testsuite>
